TN:
SF:/home/lehnerm/workspace/contentful/data/apps/lib/shared-dam-app/src/index.tsx
FN:22,setup
FN:23,(anonymous_3)
FNF:2
FNH:0
FNDA:0,setup
FNDA:0,(anonymous_3)
DA:1,0
DA:3,0
DA:4,0
DA:6,0
DA:14,0
DA:15,0
DA:17,0
DA:18,0
DA:22,0
DA:23,0
DA:24,0
DA:26,0
DA:27,0
DA:30,0
DA:31,0
DA:44,0
DA:45,0
LF:17
LH:0
BRDA:26,0,0,0
BRDA:26,0,1,0
BRDA:30,1,0,0
BRDA:30,1,1,0
BRDA:44,2,0,0
BRDA:44,2,1,0
BRF:6
BRH:0
end_of_record
TN:
SF:/home/lehnerm/workspace/contentful/data/apps/lib/shared-dam-app/src/AppConfig/AppConfig.tsx
FN:60,(anonymous_22)
FN:91,(anonymous_23)
FN:103,(anonymous_25)
FN:118,(anonymous_28)
FN:130,(anonymous_29)
FN:134,(anonymous_30)
FN:168,(anonymous_31)
FN:171,(anonymous_32)
FN:177,(anonymous_33)
FN:99,(anonymous_34)
FN:149,(anonymous_35)
FN:181,(anonymous_36)
FN:192,(anonymous_37)
FNF:13
FNH:13
FNDA:10,(anonymous_22)
FNDA:4,(anonymous_23)
FNDA:6,(anonymous_25)
FNDA:9,(anonymous_28)
FNDA:3,(anonymous_29)
FNDA:1,(anonymous_30)
FNDA:3,(anonymous_31)
FNDA:3,(anonymous_32)
FNDA:1,(anonymous_33)
FNDA:3,(anonymous_34)
FNDA:10,(anonymous_35)
FNDA:10,(anonymous_36)
FNDA:30,(anonymous_37)
DA:1,1
DA:4,1
DA:11,1
DA:12,1
DA:14,1
DA:16,1
DA:18,1
DA:47,1
DA:61,10
DA:91,3
DA:92,3
DA:99,1
DA:100,3
DA:103,3
DA:104,3
DA:106,3
DA:108,3
DA:114,3
DA:115,3
DA:117,3
DA:118,3
DA:119,9
DA:120,9
DA:123,3
DA:130,3
DA:134,3
DA:135,1
DA:136,1
DA:138,1
DA:139,0
DA:140,0
DA:143,1
DA:149,1
DA:150,10
DA:168,3
DA:169,3
DA:171,3
DA:177,3
DA:178,1
DA:181,10
DA:182,10
DA:183,10
DA:184,10
DA:186,10
DA:193,30
DA:195,30
DA:245,1
LF:47
LH:45
BRDA:91,0,0,3
BRDA:91,0,1,3
BRDA:91,0,2,3
BRDA:120,1,0,9
BRDA:120,1,1,9
BRDA:138,2,0,0
BRDA:138,2,1,1
BRDA:184,3,0,10
BRDA:184,3,1,10
BRDA:188,4,0,10
BRDA:188,4,1,10
BRDA:203,5,0,20
BRDA:203,5,1,10
BRDA:204,6,0,20
BRDA:204,6,1,10
BRDA:220,7,0,7
BRDA:220,7,1,3
BRF:17
BRH:16
end_of_record
TN:
SF:/home/lehnerm/workspace/contentful/data/apps/lib/shared-dam-app/src/AppConfig/FieldSelector.tsx
FN:15,(anonymous_10)
FN:16,(anonymous_12)
FN:26,(anonymous_13)
FN:32,(anonymous_14)
FN:37,(anonymous_15)
FN:43,(anonymous_16)
FNF:6
FNH:5
FNDA:4,(anonymous_10)
FNDA:1,(anonymous_12)
FNDA:0,(anonymous_13)
FNDA:10,(anonymous_14)
FNDA:14,(anonymous_15)
FNDA:14,(anonymous_16)
DA:1,1
DA:2,1
DA:3,1
DA:4,1
DA:15,3
DA:16,3
DA:21,1
DA:23,1
DA:24,1
DA:26,0
DA:29,1
DA:32,10
DA:33,10
DA:35,10
DA:38,14
DA:39,14
DA:43,14
DA:60,1
LF:18
LH:17
BRDA:15,0,0,3
BRDA:15,0,1,3
BRDA:15,0,2,3
BRDA:23,1,0,1
BRDA:23,1,1,0
BRDA:24,2,0,1
BRDA:24,2,1,1
BRDA:26,3,0,0
BRDA:26,3,1,0
BRDA:49,4,0,14
BRDA:49,4,1,12
BRF:11
BRH:8
end_of_record
TN:
SF:/home/lehnerm/workspace/contentful/data/apps/lib/shared-dam-app/src/AppConfig/fields.ts
FN:29,getCompatibleFields
FN:30,(anonymous_4)
FN:33,(anonymous_5)
FN:38,editorInterfacesToSelectedFields
FN:42,(anonymous_7)
FN:45,(anonymous_8)
FN:46,(anonymous_9)
FN:47,(anonymous_10)
FN:57,selectedFieldsToTargetState
FN:62,(anonymous_12)
FN:66,(anonymous_13)
FNF:11
FNH:11
FNDA:4,getCompatibleFields
FNDA:12,(anonymous_4)
FNDA:17,(anonymous_5)
FNDA:5,editorInterfacesToSelectedFields
FNDA:5,(anonymous_7)
FNDA:6,(anonymous_8)
FNDA:4,(anonymous_9)
FNDA:4,(anonymous_10)
FNDA:2,selectedFieldsToTargetState
FNDA:5,(anonymous_12)
FNDA:3,(anonymous_13)
DA:1,2
DA:29,2
DA:30,4
DA:31,12
DA:33,17
DA:38,2
DA:42,5
DA:43,5
DA:44,5
DA:45,6
DA:46,4
DA:47,4
DA:49,5
DA:50,3
DA:52,2
DA:57,2
DA:61,2
DA:63,5
DA:64,5
DA:66,5
DA:68,5
LF:21
LH:21
BRDA:33,0,0,12
BRDA:33,0,1,0
BRDA:45,1,0,6
BRDA:45,1,1,5
BRDA:47,2,0,4
BRDA:47,2,1,4
BRDA:49,3,0,3
BRDA:49,3,1,2
BRDA:49,4,0,5
BRDA:49,4,1,5
BRDA:64,5,0,5
BRDA:64,5,1,2
BRDA:66,6,0,3
BRDA:66,6,1,2
BRF:14
BRH:13
end_of_record
TN:
SF:/home/lehnerm/workspace/contentful/data/apps/lib/shared-dam-app/src/AppConfig/parameters.ts
FN:5,toInputParameters
FN:9,(anonymous_4)
FN:18,toExtensionParameters
FN:22,(anonymous_6)
FNF:4
FNH:4
FNDA:10,toInputParameters
FNDA:30,(anonymous_4)
FNDA:3,toExtensionParameters
FNDA:9,(anonymous_6)
DA:1,2
DA:5,2
DA:9,10
DA:10,30
DA:11,30
DA:18,2
DA:22,3
DA:23,9
DA:24,9
LF:9
LH:9
BRDA:10,0,0,20
BRDA:10,0,1,10
BRDA:26,1,0,3
BRDA:26,1,1,6
BRF:4
BRH:4
end_of_record
TN:
SF:/home/lehnerm/workspace/contentful/data/apps/lib/shared-dam-app/src/Editor/Field.tsx
FN:39,(anonymous_20)
FN:41,(anonymous_21)
FN:42,Field
FN:74,(anonymous_23)
FN:74,(anonymous_24)
FN:83,(anonymous_26)
FN:95,(anonymous_29)
FN:102,(anonymous_30)
FN:60,(anonymous_31)
FN:64,(anonymous_32)
FN:69,(anonymous_33)
FNF:11
FNH:0
FNDA:0,(anonymous_20)
FNDA:0,(anonymous_21)
FNDA:0,Field
FNDA:0,(anonymous_23)
FNDA:0,(anonymous_24)
FNDA:0,(anonymous_26)
FNDA:0,(anonymous_29)
FNDA:0,(anonymous_30)
FNDA:0,(anonymous_31)
FNDA:0,(anonymous_32)
FNDA:0,(anonymous_33)
DA:1,0
DA:2,0
DA:3,0
DA:4,0
DA:6,0
DA:24,0
DA:39,0
DA:41,0
DA:43,0
DA:45,0
DA:46,0
DA:51,0
DA:53,0
DA:60,0
DA:61,0
DA:64,0
DA:65,0
DA:69,0
DA:70,0
DA:74,0
DA:75,0
DA:76,0
DA:77,0
DA:79,0
DA:83,0
DA:84,0
DA:85,0
DA:86,0
DA:88,0
DA:89,0
DA:91,0
DA:95,0
DA:96,0
DA:98,0
DA:99,0
DA:102,0
DA:110,0
DA:111,0
DA:112,0
DA:114,0
DA:141,0
LF:41
LH:0
BRDA:39,0,0,0
BRDA:39,0,1,0
BRDA:39,0,2,0
BRDA:43,1,0,0
BRDA:43,1,1,0
BRDA:79,2,0,0
BRDA:76,3,0,0
BRDA:76,3,1,0
BRDA:88,4,0,0
BRDA:88,4,1,0
BRDA:89,5,0,0
BRDA:89,5,1,0
BRDA:98,6,0,0
BRDA:98,6,1,0
BRDA:112,7,0,0
BRDA:112,7,1,0
BRDA:116,8,0,0
BRDA:116,8,1,0
BRDA:46,9,0,0
BRDA:46,9,1,0
BRDA:51,10,0,0
BRDA:51,10,1,0
BRDA:51,10,2,0
BRDA:54,11,0,0
BRDA:54,11,1,0
BRDA:65,12,0,0
BRDA:65,12,1,0
BRF:27
BRH:0
end_of_record
TN:
SF:/home/lehnerm/workspace/contentful/data/apps/lib/shared-dam-app/src/Editor/SortableComponent.tsx
FN:34,(anonymous_10)
FN:46,(anonymous_11)
FN:69,(anonymous_12)
FN:86,(anonymous_13)
FN:88,(anonymous_14)
FN:115,(anonymous_15)
FN:123,(anonymous_16)
FN:132,(anonymous_17)
FN:133,(anonymous_19)
FN:138,(anonymous_20)
FN:144,(anonymous_21)
FN:148,(anonymous_22)
FNF:12
FNH:0
FNDA:0,(anonymous_10)
FNDA:0,(anonymous_11)
FNDA:0,(anonymous_12)
FNDA:0,(anonymous_13)
FNDA:0,(anonymous_14)
FNDA:0,(anonymous_15)
FNDA:0,(anonymous_16)
FNDA:0,(anonymous_17)
FNDA:0,(anonymous_19)
FNDA:0,(anonymous_20)
FNDA:0,(anonymous_21)
FNDA:0,(anonymous_22)
DA:1,0
DA:2,0
DA:3,0
DA:4,0
DA:5,0
DA:34,0
DA:35,0
DA:38,0
DA:47,0
DA:69,0
DA:70,0
DA:86,0
DA:88,0
DA:112,0
DA:115,0
DA:116,0
DA:123,0
DA:132,0
DA:133,0
DA:134,0
DA:135,0
DA:138,0
DA:139,0
DA:140,0
DA:141,0
DA:144,0
DA:145,0
DA:148,0
DA:159,0
LF:29
LH:0
BRDA:35,0,0,0
BRDA:35,0,1,0
BRDA:53,1,0,0
BRDA:53,1,1,0
BRDA:73,2,0,0
BRDA:73,2,1,0
BRDA:132,3,0,0
BRDA:132,3,1,0
BRDA:132,3,2,0
BRF:9
BRH:0
end_of_record
